Determining if the pthread_create exist failed with the following output:
Change Dir: /media/hal9000/Data/Programacion/ParalelaYDistribuida/raaramirezpe-jcgamar(pracitca3)/Posix/CMakeFiles/CMakeTmp

Run Build Command:"/usr/bin/make" "cmTC_8d9d0/fast"
/usr/bin/make -f CMakeFiles/cmTC_8d9d0.dir/build.make CMakeFiles/cmTC_8d9d0.dir/build
make[1]: se entra en el directorio '/media/hal9000/Data/Programacion/ParalelaYDistribuida/raaramirezpe-jcgamar(pracitca3)/Posix/CMakeFiles/CMakeTmp'
Building C object CMakeFiles/cmTC_8d9d0.dir/CheckSymbolExists.c.o
/usr/bin/cc    -fPIC    -o CMakeFiles/cmTC_8d9d0.dir/CheckSymbolExists.c.o   -c "/media/hal9000/Data/Programacion/ParalelaYDistribuida/raaramirezpe-jcgamar(pracitca3)/Posix/CMakeFiles/CMakeTmp/CheckSymbolExists.c"
Linking C executable cmTC_8d9d0
/usr/bin/cmake -E cmake_link_script CMakeFiles/cmTC_8d9d0.dir/link.txt --verbose=1
/usr/bin/cc  -fPIC     CMakeFiles/cmTC_8d9d0.dir/CheckSymbolExists.c.o  -o cmTC_8d9d0 -rdynamic 
CMakeFiles/cmTC_8d9d0.dir/CheckSymbolExists.c.o: En la función `main':
CheckSymbolExists.c:(.text+0x1b): referencia a `pthread_create' sin definir
collect2: error: ld returned 1 exit status
CMakeFiles/cmTC_8d9d0.dir/build.make:97: fallo en las instrucciones para el objetivo 'cmTC_8d9d0'
make[1]: *** [cmTC_8d9d0] Error 1
make[1]: se sale del directorio '/media/hal9000/Data/Programacion/ParalelaYDistribuida/raaramirezpe-jcgamar(pracitca3)/Posix/CMakeFiles/CMakeTmp'
Makefile:126: fallo en las instrucciones para el objetivo 'cmTC_8d9d0/fast'
make: *** [cmTC_8d9d0/fast] Error 2

File /media/hal9000/Data/Programacion/ParalelaYDistribuida/raaramirezpe-jcgamar(pracitca3)/Posix/CMakeFiles/CMakeTmp/CheckSymbolExists.c:
/* */
#include <pthread.h>

int main(int argc, char** argv)
{
  (void)argv;
#ifndef pthread_create
  return ((int*)(&pthread_create))[argc];
#else
  (void)argc;
  return 0;
#endif
}

Determining if the function pthread_create exists in the pthreads failed with the following output:
Change Dir: /media/hal9000/Data/Programacion/ParalelaYDistribuida/raaramirezpe-jcgamar(pracitca3)/Posix/CMakeFiles/CMakeTmp

Run Build Command:"/usr/bin/make" "cmTC_f8c0a/fast"
/usr/bin/make -f CMakeFiles/cmTC_f8c0a.dir/build.make CMakeFiles/cmTC_f8c0a.dir/build
make[1]: se entra en el directorio '/media/hal9000/Data/Programacion/ParalelaYDistribuida/raaramirezpe-jcgamar(pracitca3)/Posix/CMakeFiles/CMakeTmp'
Building C object CMakeFiles/cmTC_f8c0a.dir/CheckFunctionExists.c.o
/usr/bin/cc    -fPIC -DCHECK_FUNCTION_EXISTS=pthread_create   -o CMakeFiles/cmTC_f8c0a.dir/CheckFunctionExists.c.o   -c /usr/share/cmake-3.5/Modules/CheckFunctionExists.c
Linking C executable cmTC_f8c0a
/usr/bin/cmake -E cmake_link_script CMakeFiles/cmTC_f8c0a.dir/link.txt --verbose=1
/usr/bin/cc  -fPIC -DCHECK_FUNCTION_EXISTS=pthread_create    CMakeFiles/cmTC_f8c0a.dir/CheckFunctionExists.c.o  -o cmTC_f8c0a -rdynamic -lpthreads 
/usr/bin/ld: no se puede encontrar -lpthreads
collect2: error: ld returned 1 exit status
CMakeFiles/cmTC_f8c0a.dir/build.make:97: fallo en las instrucciones para el objetivo 'cmTC_f8c0a'
make[1]: *** [cmTC_f8c0a] Error 1
make[1]: se sale del directorio '/media/hal9000/Data/Programacion/ParalelaYDistribuida/raaramirezpe-jcgamar(pracitca3)/Posix/CMakeFiles/CMakeTmp'
Makefile:126: fallo en las instrucciones para el objetivo 'cmTC_f8c0a/fast'
make: *** [cmTC_f8c0a/fast] Error 2


