Determining if the pthread_create exist failed with the following output:
Change Dir: /media/hal9000/Data/Programacion/ParalelaYDistribuida/raaramirezpe-jcgamar(pracitca3)/OMP/CMakeFiles/CMakeTmp

Run Build Command:"/usr/bin/make" "cmTC_9230c/fast"
/usr/bin/make -f CMakeFiles/cmTC_9230c.dir/build.make CMakeFiles/cmTC_9230c.dir/build
make[1]: se entra en el directorio '/media/hal9000/Data/Programacion/ParalelaYDistribuida/raaramirezpe-jcgamar(pracitca3)/OMP/CMakeFiles/CMakeTmp'
Building C object CMakeFiles/cmTC_9230c.dir/CheckSymbolExists.c.o
/usr/bin/cc    -fPIC    -o CMakeFiles/cmTC_9230c.dir/CheckSymbolExists.c.o   -c "/media/hal9000/Data/Programacion/ParalelaYDistribuida/raaramirezpe-jcgamar(pracitca3)/OMP/CMakeFiles/CMakeTmp/CheckSymbolExists.c"
Linking C executable cmTC_9230c
/usr/bin/cmake -E cmake_link_script CMakeFiles/cmTC_9230c.dir/link.txt --verbose=1
/usr/bin/cc  -fPIC     CMakeFiles/cmTC_9230c.dir/CheckSymbolExists.c.o  -o cmTC_9230c -rdynamic 
CMakeFiles/cmTC_9230c.dir/CheckSymbolExists.c.o: En la función `main':
CheckSymbolExists.c:(.text+0x1b): referencia a `pthread_create' sin definir
collect2: error: ld returned 1 exit status
CMakeFiles/cmTC_9230c.dir/build.make:97: fallo en las instrucciones para el objetivo 'cmTC_9230c'
make[1]: *** [cmTC_9230c] Error 1
make[1]: se sale del directorio '/media/hal9000/Data/Programacion/ParalelaYDistribuida/raaramirezpe-jcgamar(pracitca3)/OMP/CMakeFiles/CMakeTmp'
Makefile:126: fallo en las instrucciones para el objetivo 'cmTC_9230c/fast'
make: *** [cmTC_9230c/fast] Error 2

File /media/hal9000/Data/Programacion/ParalelaYDistribuida/raaramirezpe-jcgamar(pracitca3)/OMP/CMakeFiles/CMakeTmp/CheckSymbolExists.c:
/* */
#include <pthread.h>

int main(int argc, char** argv)
{
  (void)argv;
#ifndef pthread_create
  return ((int*)(&pthread_create))[argc];
#else
  (void)argc;
  return 0;
#endif
}

Determining if the function pthread_create exists in the pthreads failed with the following output:
Change Dir: /media/hal9000/Data/Programacion/ParalelaYDistribuida/raaramirezpe-jcgamar(pracitca3)/OMP/CMakeFiles/CMakeTmp

Run Build Command:"/usr/bin/make" "cmTC_9c44b/fast"
/usr/bin/make -f CMakeFiles/cmTC_9c44b.dir/build.make CMakeFiles/cmTC_9c44b.dir/build
make[1]: se entra en el directorio '/media/hal9000/Data/Programacion/ParalelaYDistribuida/raaramirezpe-jcgamar(pracitca3)/OMP/CMakeFiles/CMakeTmp'
Building C object CMakeFiles/cmTC_9c44b.dir/CheckFunctionExists.c.o
/usr/bin/cc    -fPIC -DCHECK_FUNCTION_EXISTS=pthread_create   -o CMakeFiles/cmTC_9c44b.dir/CheckFunctionExists.c.o   -c /usr/share/cmake-3.5/Modules/CheckFunctionExists.c
Linking C executable cmTC_9c44b
/usr/bin/cmake -E cmake_link_script CMakeFiles/cmTC_9c44b.dir/link.txt --verbose=1
/usr/bin/cc  -fPIC -DCHECK_FUNCTION_EXISTS=pthread_create    CMakeFiles/cmTC_9c44b.dir/CheckFunctionExists.c.o  -o cmTC_9c44b -rdynamic -lpthreads 
/usr/bin/ld: no se puede encontrar -lpthreads
collect2: error: ld returned 1 exit status
CMakeFiles/cmTC_9c44b.dir/build.make:97: fallo en las instrucciones para el objetivo 'cmTC_9c44b'
make[1]: *** [cmTC_9c44b] Error 1
make[1]: se sale del directorio '/media/hal9000/Data/Programacion/ParalelaYDistribuida/raaramirezpe-jcgamar(pracitca3)/OMP/CMakeFiles/CMakeTmp'
Makefile:126: fallo en las instrucciones para el objetivo 'cmTC_9c44b/fast'
make: *** [cmTC_9c44b/fast] Error 2


